<?xml version="1.0" encoding="UTF-8"?>
<testng-results skipped="0" failed="1" ignored="0" total="1" passed="0">
  <reporter-output>
  </reporter-output>
  <suite name="Default suite" duration-ms="20592" started-at="2020-02-29T15:24:10Z" finished-at="2020-02-29T15:24:31Z">
    <groups>
    </groups>
    <test name="Default test" duration-ms="20592" started-at="2020-02-29T15:24:10Z" finished-at="2020-02-29T15:24:31Z">
      <class name="com.function.TestCases.TC_LaunchGoogleSearch2">
        <test-method status="PASS" signature="beforeTestSuite()[pri:0, instance:com.function.TestCases.TC_LaunchGoogleSearch2@1fffcd7]" name="beforeTestSuite" is-config="true" duration-ms="1049" started-at="2020-02-29T15:24:09Z" finished-at="2020-02-29T15:24:10Z">
          <reporter-output>
          </reporter-output>
        </test-method> <!-- beforeTestSuite -->
        <test-method status="PASS" signature="startTest()[pri:0, instance:com.function.TestCases.TC_LaunchGoogleSearch2@1fffcd7]" name="startTest" is-config="true" duration-ms="14" started-at="2020-02-29T15:24:10Z" finished-at="2020-02-29T15:24:10Z">
          <reporter-output>
          </reporter-output>
        </test-method> <!-- startTest -->
        <test-method status="PASS" signature="beforeTestMethod(java.lang.reflect.Method)[pri:0, instance:com.function.TestCases.TC_LaunchGoogleSearch2@1fffcd7]" name="beforeTestMethod" is-config="true" duration-ms="18440" started-at="2020-02-29T15:24:10Z" finished-at="2020-02-29T15:24:29Z">
          <params>
            <param index="0">
              <value>
                <![CDATA[public void com.function.TestCases.TC_LaunchGoogleSearch2.TestMethodTwo() throws java.lang.Exception]]>
              </value>
            </param>
          </params>
          <reporter-output>
          </reporter-output>
        </test-method> <!-- beforeTestMethod -->
        <test-method status="FAIL" signature="TestMethodTwo()[pri:0, instance:com.function.TestCases.TC_LaunchGoogleSearch2@1fffcd7]" name="TestMethodTwo" duration-ms="147" started-at="2020-02-29T15:24:29Z" finished-at="2020-02-29T15:24:29Z">
          <exception class="java.lang.NullPointerException">
            <full-stacktrace>
              <![CDATA[java.lang.NullPointerException
at com.pageObjects.GooglePage.AT(GooglePage.java:35)
at com.function.TestCases.TC_LaunchGoogleSearch2.TestMethodTwo(TC_LaunchGoogleSearch2.java:18)
at sun.reflect.NativeMethodAccessorImpl.invoke0(Native Method)
at sun.reflect.NativeMethodAccessorImpl.invoke(NativeMethodAccessorImpl.java:62)
at sun.reflect.DelegatingMethodAccessorImpl.invoke(DelegatingMethodAccessorImpl.java:43)
at java.lang.reflect.Method.invoke(Method.java:498)
at org.testng.internal.MethodInvocationHelper.invokeMethod(MethodInvocationHelper.java:124)
at org.testng.internal.Invoker.invokeMethod(Invoker.java:583)
at org.testng.internal.Invoker.invokeTestMethod(Invoker.java:719)
at org.testng.internal.Invoker.invokeTestMethods(Invoker.java:989)
at org.testng.internal.TestMethodWorker.invokeTestMethods(TestMethodWorker.java:125)
at org.testng.internal.TestMethodWorker.run(TestMethodWorker.java:109)
at org.testng.TestRunner.privateRun(TestRunner.java:648)
at org.testng.TestRunner.run(TestRunner.java:505)
at org.testng.SuiteRunner.runTest(SuiteRunner.java:455)
at org.testng.SuiteRunner.runSequentially(SuiteRunner.java:450)
at org.testng.SuiteRunner.privateRun(SuiteRunner.java:415)
at org.testng.SuiteRunner.run(SuiteRunner.java:364)
at org.testng.SuiteRunnerWorker.runSuite(SuiteRunnerWorker.java:52)
at org.testng.SuiteRunnerWorker.run(SuiteRunnerWorker.java:84)
at org.testng.TestNG.runSuitesSequentially(TestNG.java:1208)
at org.testng.TestNG.runSuitesLocally(TestNG.java:1137)
at org.testng.TestNG.runSuites(TestNG.java:1049)
at org.testng.TestNG.run(TestNG.java:1017)
at org.testng.remote.AbstractRemoteTestNG.run(AbstractRemoteTestNG.java:114)
at org.testng.remote.RemoteTestNG.initAndRun(RemoteTestNG.java:251)
at org.testng.remote.RemoteTestNG.main(RemoteTestNG.java:77)
]]>
            </full-stacktrace>
          </exception> <!-- java.lang.NullPointerException -->
          <reporter-output>
          </reporter-output>
        </test-method> <!-- TestMethodTwo -->
        <test-method status="PASS" signature="afterTestMethod(org.testng.ITestResult)[pri:0, instance:com.function.TestCases.TC_LaunchGoogleSearch2@1fffcd7]" name="afterTestMethod" is-config="true" duration-ms="1698" started-at="2020-02-29T15:24:29Z" finished-at="2020-02-29T15:24:31Z">
          <params>
            <param index="0">
              <value>
                <![CDATA[[TestResult name=TestMethodTwo status=FAILURE method=TC_LaunchGoogleSearch2.TestMethodTwo()[pri:0, instance:com.function.TestCases.TC_LaunchGoogleSearch2@1fffcd7] output={null}]]]>
              </value>
            </param>
          </params>
          <reporter-output>
          </reporter-output>
        </test-method> <!-- afterTestMethod -->
        <test-method status="PASS" signature="tearDown()[pri:0, instance:com.function.TestCases.TC_LaunchGoogleSearch2@1fffcd7]" name="tearDown" is-config="true" duration-ms="154" started-at="2020-02-29T15:24:31Z" finished-at="2020-02-29T15:24:31Z">
          <reporter-output>
          </reporter-output>
        </test-method> <!-- tearDown -->
        <test-method status="PASS" signature="AfterTestSuite()[pri:0, instance:com.function.TestCases.TC_LaunchGoogleSearch2@1fffcd7]" name="AfterTestSuite" is-config="true" duration-ms="185" started-at="2020-02-29T15:24:31Z" finished-at="2020-02-29T15:24:31Z">
          <reporter-output>
          </reporter-output>
        </test-method> <!-- AfterTestSuite -->
      </class> <!-- com.function.TestCases.TC_LaunchGoogleSearch2 -->
    </test> <!-- Default test -->
  </suite> <!-- Default suite -->
</testng-results>
